Flutter crash report.
Please report a bug at https://github.com/flutter/flutter/issues.

## command

flutter build apk --release

## exception

ProcessException: ProcessException: Process exited abnormally:

FAILURE: Build failed with an exception.

* What went wrong:
Project 'app' not found in root project 'android'.

* Try:
> Run with --stacktrace option to get the stack trace.
> Run with --info or --debug option to get more log output.
> Run with --scan to get full insights.

* Get more help at https://help.gradle.org

BUILD FAILED in 3s
  Command: C:\Users\91766\Downloads\Health-monitoring-app\android\gradlew.bat app:tasks --all --console=auto

```
#0      RunResult.throwException (package:flutter_tools/src/base/process.dart:125:5)
#1      _DefaultProcessUtils.run (package:flutter_tools/src/base/process.dart:278:19)
<asynchronous suspension>
#2      flavorUndefinedHandler.<anonymous closure> (package:flutter_tools/src/android/gradle_errors.dart:370:38)
<asynchronous suspension>
#3      AndroidGradleBuilder.buildGradleApp (package:flutter_tools/src/android/gradle.dart:406:40)
<asynchronous suspension>
#4      AndroidGradleBuilder.buildApk (package:flutter_tools/src/android/gradle.dart:184:5)
<asynchronous suspension>
#5      BuildApkCommand.runCommand (package:flutter_tools/src/commands/build_apk.dart:111:5)
<asynchronous suspension>
#6      FlutterCommand.run.<anonymous closure> (package:flutter_tools/src/runner/flutter_command.dart:1287:27)
<asynchronous suspension>
#7      AppContext.run.<anonymous closure> (package:flutter_tools/src/base/context.dart:150:19)
<asynchronous suspension>
#8      CommandRunner.runCommand (package:args/command_runner.dart:212:13)
<asynchronous suspension>
#9      FlutterCommandRunner.runCommand.<anonymous closure> (package:flutter_tools/src/runner/flutter_command_runner.dart:288:9)
<asynchronous suspension>
#10     AppContext.run.<anonymous closure> (package:flutter_tools/src/base/context.dart:150:19)
<asynchronous suspension>
#11     FlutterCommandRunner.runCommand (package:flutter_tools/src/runner/flutter_command_runner.dart:236:5)
<asynchronous suspension>
#12     run.<anonymous closure>.<anonymous closure> (package:flutter_tools/runner.dart:64:9)
<asynchronous suspension>
#13     AppContext.run.<anonymous closure> (package:flutter_tools/src/base/context.dart:150:19)
<asynchronous suspension>
#14     main (package:flutter_tools/executable.dart:91:3)
<asynchronous suspension>
```

## flutter doctor

```
[✓] Flutter (Channel beta, 3.8.0-10.1.pre, on Microsoft Windows [Version 10.0.26100.5074], locale en-IN)
    • Flutter version 3.8.0-10.1.pre on channel beta at C:\Users\91766\Downloads\flutter_windows_3.3.10-stable\flutter
    • Upstream repository https://github.com/flutter/flutter.git
    • Framework revision 1a0a03a41d (2 years, 7 months ago), 2023-02-16 22:03:58 -0600
    • Engine revision 639e313f99
    • Dart version 3.0.0 (build 3.0.0-218.1.beta)
    • DevTools version 2.21.1

[✓] Windows Version (Installed version of Windows is version 10 or higher)

[!] Android toolchain - develop for Android devices (Android SDK version 33.0.1)
    • Android SDK at C:\Users\91766\AppData\Local\Android\sdk
    • Platform android-33, build-tools 33.0.1
    • Java binary at: C:\Program Files\Android\Android Studio\jre\bin\java
    • Java version OpenJDK Runtime Environment (build 11.0.13+0-b1751.21-8125866)
    ! Some Android licenses not accepted. To resolve this, run: flutter doctor --android-licenses

[✓] Chrome - develop for the web
    • Chrome at C:\Program Files\Google\Chrome\Application\chrome.exe

[✗] Visual Studio - develop for Windows
    ✗ Visual Studio not installed; this is necessary for Windows development.
      Download at https://visualstudio.microsoft.com/downloads/.
      Please install the "Desktop development with C++" workload, including all of its default components

[✓] Android Studio (version 2021.3)
    • Android Studio at C:\Program Files\Android\Android Studio
    • Flutter plugin can be installed from:
      🔨 https://plugins.jetbrains.com/plugin/9212-flutter
    • Dart plugin can be installed from:
      🔨 https://plugins.jetbrains.com/plugin/6351-dart
    • Java version OpenJDK Runtime Environment (build 11.0.13+0-b1751.21-8125866)

[✓] IntelliJ IDEA Ultimate Edition (version 2025.1)
    • IntelliJ at C:\Program Files\JetBrains\IntelliJ IDEA 2025.1.3
    • Flutter plugin can be installed from:
      🔨 https://plugins.jetbrains.com/plugin/9212-flutter
    • Dart plugin version 251.26927.39

[✓] VS Code (version 1.103.2)
    • VS Code at C:\Users\91766\AppData\Local\Programs\Microsoft VS Code
    • Flutter extension version 3.116.0

[✓] Connected device (3 available)
    • Windows (desktop) • windows • windows-x64    • Microsoft Windows [Version 10.0.26100.5074]
    • Chrome (web)      • chrome  • web-javascript • Google Chrome 122.0.6261.129
    • Edge (web)        • edge    • web-javascript • Microsoft Edge 139.0.3405.125

[✓] HTTP Host Availability
    • All required HTTP hosts are available

! Doctor found issues in 2 categories.
```
